2023-08-20 21:26:23,739 [INFO] Activator:179 - 


2023-08-20 21:26:23,740 [INFO] Activator:180 - !SESSION log4j initialized
2023-08-20 21:26:37,981 [INFO] McuFinderGlobals:52 - Set McuFinder mode to 2 (CubeIDE integrated)
2023-08-20 21:26:38,246 [INFO] ApplicationProperties:181 - Using Application install path: C:\ST\STM32CubeIDE_1.11.2\STM32CubeIDE\plugins\com.st.stm32cube.common.mx_6.7.0.202301130839
2023-08-20 21:26:38,266 [INFO] DbMcusXml:77 - Set database path to: C:\ST\STM32CubeIDE_1.11.2\STM32CubeIDE\plugins\com.st.stm32cube.common.mx_6.7.0.202301130839\\db\/mcu/
2023-08-20 21:26:38,266 [INFO] ApiDb:273 - Set plugin database path to: C:\ST\STM32CubeIDE_1.11.2\STM32CubeIDE\plugins\com.st.stm32cube.common.mx_6.7.0.202301130839\\db\/plugins/boardmanager/
2023-08-20 21:26:38,269 [WARN] ApiDb:258 - Overriding images path with different value:  => C:\ST\STM32CubeIDE_1.11.2\STM32CubeIDE\plugins\com.st.stm32cube.common.mx_6.7.0.202301130839\\db\/plugins/mcufinder/images/
2023-08-20 21:26:38,285 [INFO] ApiDb:249 - Set database path to: C:\Users\pranj\.stmcufinder\plugins\mcufinder//mcu/
2023-08-20 21:26:38,287 [INFO] DbMcusAds:124 - Set database path to: C:\Users\pranj\.stmcufinder\plugins\mcufinder//mcu/
2023-08-20 21:26:38,321 [INFO] CrossReferenceDbSqlite:202 - Set database path to: C:\Users\pranj\.stmcufinder\plugins\mcufinder//mcu/cs/
2023-08-20 21:26:38,427 [INFO] RulesReader:61 - Compatibility file has been processed (283 Rules)
2023-08-20 21:26:38,539 [INFO] DbMcusXml:77 - Set database path to: C:\ST\STM32CubeIDE_1.11.2\STM32CubeIDE\plugins\com.st.stm32cube.common.mx_6.7.0.202301130839\\db\/mcu/
2023-08-20 21:26:38,539 [INFO] ApiDb:273 - Set plugin database path to: C:\ST\STM32CubeIDE_1.11.2\STM32CubeIDE\plugins\com.st.stm32cube.common.mx_6.7.0.202301130839\\db\/plugins/boardmanager/
2023-08-20 21:26:38,539 [INFO] ApiDb:260 - Set plugin images path to: C:\ST\STM32CubeIDE_1.11.2\STM32CubeIDE\plugins\com.st.stm32cube.common.mx_6.7.0.202301130839\\db\/plugins/mcufinder/images/
2023-08-20 21:26:38,540 [WARN] DbFile:40 - Overriding database path with different value: C:\Users\pranj\.stmcufinder\plugins\mcufinder/ => C:\Users\pranj\.stmcufinder\plugins\mcufinder
2023-08-20 21:26:38,540 [INFO] ApiDb:249 - Set database path to: C:\Users\pranj\.stmcufinder\plugins\mcufinder//mcu/
2023-08-20 21:26:38,540 [WARN] DbFile:40 - Overriding database path with different value: C:\Users\pranj\.stmcufinder\plugins\mcufinder/ => C:\Users\pranj\.stmcufinder\plugins\mcufinder
2023-08-20 21:26:38,540 [INFO] DbMcusAds:124 - Set database path to: C:\Users\pranj\.stmcufinder\plugins\mcufinder//mcu/
2023-08-20 21:26:38,541 [WARN] DbFile:40 - Overriding database path with different value: C:\Users\pranj\.stmcufinder\plugins\mcufinder/ => C:\Users\pranj\.stmcufinder\plugins\mcufinder
2023-08-20 21:26:38,541 [WARN] DbFile:40 - Overriding database path with different value: C:\Users\pranj\.stmcufinder\plugins\mcufinder/ => C:\Users\pranj\.stmcufinder\plugins\mcufinder
2023-08-20 21:26:38,541 [INFO] CrossReferenceDbSqlite:202 - Set database path to: C:\Users\pranj\.stmcufinder\plugins\mcufinder//mcu/cs/
2023-08-20 21:26:38,631 [INFO] MainPanel:252 - HeapMemory: 268435456
2023-08-20 21:26:38,748 [INFO] DbMcusXml:77 - Set database path to: C:\ST\STM32CubeIDE_1.11.2\STM32CubeIDE\plugins\com.st.stm32cube.common.mx_6.7.0.202301130839\\db\/mcu/
2023-08-20 21:26:38,748 [INFO] ApiDb:273 - Set plugin database path to: C:\ST\STM32CubeIDE_1.11.2\STM32CubeIDE\plugins\com.st.stm32cube.common.mx_6.7.0.202301130839\\db\/plugins/boardmanager/
2023-08-20 21:26:38,748 [INFO] ApiDb:260 - Set plugin images path to: C:\ST\STM32CubeIDE_1.11.2\STM32CubeIDE\plugins\com.st.stm32cube.common.mx_6.7.0.202301130839\\db\/plugins/mcufinder/images/
2023-08-20 21:26:38,749 [WARN] DbFile:40 - Overriding database path with different value: C:\Users\pranj\.stmcufinder\plugins\mcufinder/ => C:\Users\pranj\.stmcufinder\plugins\mcufinder
2023-08-20 21:26:38,749 [INFO] ApiDb:249 - Set database path to: C:\Users\pranj\.stmcufinder\plugins\mcufinder//mcu/
2023-08-20 21:26:38,749 [WARN] DbFile:40 - Overriding database path with different value: C:\Users\pranj\.stmcufinder\plugins\mcufinder/ => C:\Users\pranj\.stmcufinder\plugins\mcufinder
2023-08-20 21:26:38,749 [INFO] DbMcusAds:124 - Set database path to: C:\Users\pranj\.stmcufinder\plugins\mcufinder//mcu/
2023-08-20 21:26:38,749 [WARN] DbFile:40 - Overriding database path with different value: C:\Users\pranj\.stmcufinder\plugins\mcufinder/ => C:\Users\pranj\.stmcufinder\plugins\mcufinder
2023-08-20 21:26:38,749 [WARN] DbFile:40 - Overriding database path with different value: C:\Users\pranj\.stmcufinder\plugins\mcufinder/ => C:\Users\pranj\.stmcufinder\plugins\mcufinder
2023-08-20 21:26:38,749 [INFO] CrossReferenceDbSqlite:202 - Set database path to: C:\Users\pranj\.stmcufinder\plugins\mcufinder//mcu/cs/
2023-08-20 21:26:38,772 [INFO] ApplicationProperties:181 - Using Application install path: C:\ST\STM32CubeIDE_1.11.2\STM32CubeIDE\plugins\com.st.stm32cube.common.mx_6.7.0.202301130839
2023-08-20 21:26:38,774 [INFO] PluginManage:193 - Search for loadable plugins [exclusion list=, ]
2023-08-20 21:26:38,776 [INFO] PluginManage:307 - Check plugin analytics
2023-08-20 21:26:38,945 [INFO] AnalyticsPlugin:262 - Accepted Software Licenses: 
2023-08-20 21:26:38,946 [INFO] AnalyticsPlugin:264 - Accepted CMSIS Pack Licenses: 
2023-08-20 21:26:38,947 [INFO] AnalyticsPlugin:266 - Accepted Firmware Licenses: 
2023-08-20 21:26:38,956 [INFO] PluginManage:356 - Loaded plugin analytics (category:tool,tabindex:-1)
2023-08-20 21:26:38,957 [INFO] PluginManage:307 - Check plugin cadmodel
2023-08-20 21:26:38,966 [INFO] CADModel:104 - Init CAD model plugin
2023-08-20 21:26:38,967 [INFO] PluginManage:356 - Loaded plugin cadmodel (category:power,tabindex:5)
2023-08-20 21:26:38,967 [INFO] PluginManage:307 - Check plugin clock
2023-08-20 21:26:39,030 [INFO] PluginManage:356 - Loaded plugin clock (category:base,tabindex:2)
2023-08-20 21:26:39,030 [INFO] PluginManage:307 - Check plugin ddr
2023-08-20 21:26:39,033 [INFO] PluginManage:356 - Loaded plugin ddr (category:tool,tabindex:6)
2023-08-20 21:26:39,033 [INFO] PluginManage:307 - Check plugin filemanager
2023-08-20 21:26:39,224 [INFO] PluginManage:356 - Loaded plugin filemanager (category:base,tabindex:10)
2023-08-20 21:26:39,225 [INFO] PluginManage:307 - Check plugin ipmanager
2023-08-20 21:26:39,235 [INFO] PluginManage:356 - Loaded plugin ipmanager (category:base,tabindex:5)
2023-08-20 21:26:39,236 [INFO] PluginManage:307 - Check plugin lpbam
2023-08-20 21:26:39,263 [INFO] PluginManage:356 - Loaded plugin lpbam (category:base,tabindex:0)
2023-08-20 21:26:39,263 [INFO] PluginManage:307 - Check plugin pinoutandconfiguration
2023-08-20 21:26:39,301 [INFO] PluginManage:356 - Loaded plugin pinoutandconfiguration (category:base,tabindex:1)
2023-08-20 21:26:39,301 [INFO] PluginManage:307 - Check plugin pinoutconfig
2023-08-20 21:26:39,358 [INFO] PluginManage:356 - Loaded plugin pinoutconfig (category:base,tabindex:0)
2023-08-20 21:26:39,358 [INFO] PluginManage:307 - Check plugin power
2023-08-20 21:26:39,370 [INFO] PluginManage:356 - Loaded plugin power (category:power,tabindex:4)
2023-08-20 21:26:39,370 [INFO] PluginManage:307 - Check plugin projectmanager
2023-08-20 21:26:39,384 [INFO] PluginManage:356 - Loaded plugin projectmanager (category:projectmanager,tabindex:3)
2023-08-20 21:26:39,384 [INFO] PluginManage:307 - Check plugin thirdparty
2023-08-20 21:26:39,535 [WARN] IntegrityCheckThread:82 - waiting for thirdparty lock release [integrity check]
2023-08-20 21:26:39,536 [INFO] PluginManage:356 - Loaded plugin thirdparty (category:base,tabindex:-1)
2023-08-20 21:26:39,536 [INFO] IntegrityCheckThread:84 - entering critical section [integrity check]
2023-08-20 21:26:39,537 [INFO] PluginManage:307 - Check plugin tools
2023-08-20 21:26:39,539 [INFO] ThirdPartyUpdaterWithRetryManager:70 - Updater plugin not ready yet. [1/15]
2023-08-20 21:26:39,542 [INFO] PluginManage:356 - Loaded plugin tools (category:base,tabindex:7)
2023-08-20 21:26:39,543 [INFO] PluginManage:307 - Check plugin tutovideos
2023-08-20 21:26:39,749 [INFO] PluginManage:356 - Loaded plugin tutovideos (category:base,tabindex:-1)
2023-08-20 21:26:39,753 [INFO] PluginManage:307 - Check plugin updater
2023-08-20 21:26:39,769 [INFO] PluginManage:356 - Loaded plugin updater (category:base,tabindex:12)
2023-08-20 21:26:39,770 [INFO] PluginManage:280 - PluginManage : Loaded plugins [15]
2023-08-20 21:26:40,069 [INFO] PinOutPanel:1477 - setPackage(No Configuration,No Configuration)
2023-08-20 21:26:40,167 [INFO] CADModel:164 - CPN selected for project level
2023-08-20 21:26:40,168 [INFO] CADModel:113 - Register for checkConnection events
2023-08-20 21:26:40,196 [INFO] IPUIPlugin:79 - create IPUIPlugin
2023-08-20 21:26:40,196 [INFO] PluginManager:219 - loadIPPluginJar : add adc
2023-08-20 21:26:40,201 [INFO] IPUIPlugin:79 - create IPUIPlugin
2023-08-20 21:26:40,202 [INFO] PluginManager:219 - loadIPPluginJar : add aes
2023-08-20 21:26:40,207 [INFO] IPUIPlugin:79 - create IPUIPlugin
2023-08-20 21:26:40,207 [INFO] PluginManager:219 - loadIPPluginJar : add can
2023-08-20 21:26:40,212 [INFO] IPUIPlugin:79 - create IPUIPlugin
2023-08-20 21:26:40,212 [INFO] PluginManager:219 - loadIPPluginJar : add comp
2023-08-20 21:26:40,218 [INFO] IPUIPlugin:79 - create IPUIPlugin
2023-08-20 21:26:40,219 [INFO] PluginManager:219 - loadIPPluginJar : add cryp
2023-08-20 21:26:40,224 [INFO] IPUIPlugin:79 - create IPUIPlugin
2023-08-20 21:26:40,225 [INFO] PluginManager:219 - loadIPPluginJar : add dfsdm
2023-08-20 21:26:40,238 [INFO] IPUIPlugin:79 - create IPUIPlugin
2023-08-20 21:26:40,238 [INFO] PluginManager:219 - loadIPPluginJar : add dma
2023-08-20 21:26:40,244 [INFO] IPUIPlugin:79 - create IPUIPlugin
2023-08-20 21:26:40,245 [INFO] PluginManager:219 - loadIPPluginJar : add dma3
2023-08-20 21:26:40,248 [INFO] IPUIPlugin:79 - create IPUIPlugin
2023-08-20 21:26:40,248 [INFO] PluginManager:219 - loadIPPluginJar : add fatfs
2023-08-20 21:26:40,257 [INFO] IPUIPlugin:79 - create IPUIPlugin
2023-08-20 21:26:40,257 [INFO] PluginManager:219 - loadIPPluginJar : add fmc
2023-08-20 21:26:40,295 [INFO] IPUIPlugin:79 - create IPUIPlugin
2023-08-20 21:26:40,296 [INFO] PluginManager:219 - loadIPPluginJar : add freertos
2023-08-20 21:26:40,299 [INFO] IPUIPlugin:79 - create IPUIPlugin
2023-08-20 21:26:40,300 [INFO] PluginManager:219 - loadIPPluginJar : add genericplugin
2023-08-20 21:26:40,307 [INFO] IPUIPlugin:79 - create IPUIPlugin
2023-08-20 21:26:40,307 [INFO] PluginManager:219 - loadIPPluginJar : add gfxmmu
2023-08-20 21:26:40,320 [INFO] IPUIPlugin:79 - create IPUIPlugin
2023-08-20 21:26:40,321 [INFO] PluginManager:219 - loadIPPluginJar : add gic
2023-08-20 21:26:40,337 [INFO] IPUIPlugin:79 - create IPUIPlugin
2023-08-20 21:26:40,338 [INFO] PluginManager:219 - loadIPPluginJar : add gpio
2023-08-20 21:26:40,347 [INFO] IPUIPlugin:79 - create IPUIPlugin
2023-08-20 21:26:40,347 [INFO] PluginManager:219 - loadIPPluginJar : add gtzc
2023-08-20 21:26:40,353 [INFO] IPUIPlugin:79 - create IPUIPlugin
2023-08-20 21:26:40,353 [INFO] PluginManager:219 - loadIPPluginJar : add hash
2023-08-20 21:26:40,360 [INFO] IPUIPlugin:79 - create IPUIPlugin
2023-08-20 21:26:40,360 [INFO] PluginManager:219 - loadIPPluginJar : add i2c
2023-08-20 21:26:40,367 [INFO] IPUIPlugin:79 - create IPUIPlugin
2023-08-20 21:26:40,367 [INFO] PluginManager:219 - loadIPPluginJar : add i2s
2023-08-20 21:26:40,375 [INFO] IPUIPlugin:79 - create IPUIPlugin
2023-08-20 21:26:40,376 [INFO] PluginManager:219 - loadIPPluginJar : add ipddr
2023-08-20 21:26:40,388 [INFO] IPUIPlugin:79 - create IPUIPlugin
2023-08-20 21:26:40,389 [INFO] PluginManager:219 - loadIPPluginJar : add linkedlist
2023-08-20 21:26:40,394 [INFO] IPUIPlugin:79 - create IPUIPlugin
2023-08-20 21:26:40,395 [INFO] PluginManager:219 - loadIPPluginJar : add lorawan
2023-08-20 21:26:40,399 [INFO] IPUIPlugin:79 - create IPUIPlugin
2023-08-20 21:26:40,399 [INFO] PluginManager:219 - loadIPPluginJar : add ltdc
2023-08-20 21:26:40,415 [INFO] IPUIPlugin:79 - create IPUIPlugin
2023-08-20 21:26:40,416 [INFO] PluginManager:219 - loadIPPluginJar : add mdma
2023-08-20 21:26:40,429 [INFO] IPUIPlugin:79 - create IPUIPlugin
2023-08-20 21:26:40,429 [INFO] PluginManager:219 - loadIPPluginJar : add nvic
2023-08-20 21:26:40,435 [INFO] IPUIPlugin:79 - create IPUIPlugin
2023-08-20 21:26:40,435 [INFO] PluginManager:219 - loadIPPluginJar : add opamp
2023-08-20 21:26:40,442 [INFO] IPUIPlugin:79 - create IPUIPlugin
2023-08-20 21:26:40,443 [INFO] PluginManager:219 - loadIPPluginJar : add openamp
2023-08-20 21:26:40,449 [INFO] IPUIPlugin:79 - create IPUIPlugin
2023-08-20 21:26:40,450 [INFO] PluginManager:219 - loadIPPluginJar : add pdm2pcm
2023-08-20 21:26:40,467 [INFO] IPUIPlugin:79 - create IPUIPlugin
2023-08-20 21:26:40,470 [INFO] PluginManager:219 - loadIPPluginJar : add plateformsettings
2023-08-20 21:26:40,474 [INFO] IPUIPlugin:79 - create IPUIPlugin
2023-08-20 21:26:40,475 [INFO] PluginManager:219 - loadIPPluginJar : add quadspi
2023-08-20 21:26:40,515 [INFO] IPUIPlugin:79 - create IPUIPlugin
2023-08-20 21:26:40,515 [INFO] PluginManager:219 - loadIPPluginJar : add resmgrutility
2023-08-20 21:26:40,522 [INFO] IPUIPlugin:79 - create IPUIPlugin
2023-08-20 21:26:40,523 [INFO] PluginManager:219 - loadIPPluginJar : add sai
2023-08-20 21:26:40,529 [INFO] IPUIPlugin:79 - create IPUIPlugin
2023-08-20 21:26:40,530 [INFO] PluginManager:219 - loadIPPluginJar : add spi
2023-08-20 21:26:40,540 [INFO] IPUIPlugin:79 - create IPUIPlugin
2023-08-20 21:26:40,540 [INFO] PluginManager:219 - loadIPPluginJar : add stm32_wpan
2023-08-20 21:26:40,545 [INFO] IPUIPlugin:79 - create IPUIPlugin
2023-08-20 21:26:40,545 [INFO] PluginManager:219 - loadIPPluginJar : add tim
2023-08-20 21:26:40,553 [INFO] IPUIPlugin:79 - create IPUIPlugin
2023-08-20 21:26:40,553 [INFO] PluginManager:219 - loadIPPluginJar : add touchsensing
2023-08-20 21:26:40,558 [INFO] IPUIPlugin:79 - create IPUIPlugin
2023-08-20 21:26:40,558 [INFO] PluginManager:219 - loadIPPluginJar : add tracer_emb
2023-08-20 21:26:40,562 [INFO] IPUIPlugin:79 - create IPUIPlugin
2023-08-20 21:26:40,562 [INFO] PluginManager:219 - loadIPPluginJar : add ts
2023-08-20 21:26:40,566 [INFO] IPUIPlugin:79 - create IPUIPlugin
2023-08-20 21:26:40,566 [INFO] PluginManager:219 - loadIPPluginJar : add tsc
2023-08-20 21:26:40,570 [INFO] IPUIPlugin:79 - create IPUIPlugin
2023-08-20 21:26:40,570 [INFO] PluginManager:219 - loadIPPluginJar : add ucpd
2023-08-20 21:26:40,578 [INFO] IPUIPlugin:79 - create IPUIPlugin
2023-08-20 21:26:40,578 [INFO] PluginManager:219 - loadIPPluginJar : add usart
2023-08-20 21:26:40,584 [INFO] IPUIPlugin:79 - create IPUIPlugin
2023-08-20 21:26:40,585 [INFO] PluginManager:219 - loadIPPluginJar : add usbx
2023-08-20 21:26:40,722 [INFO] CADModel:164 - CPN selected for project level
2023-08-20 21:26:40,722 [INFO] CADModel:113 - Register for checkConnection events
2023-08-20 21:26:40,723 [FATAL] Updater:308 - Updater called before beeing initialized
2023-08-20 21:26:40,723 [ERROR] CADModel:124 - Updater not yet initialized, retry later 
2023-08-20 21:26:40,893 [INFO] CADModel:164 - CPN selected for project level
2023-08-20 21:26:40,893 [INFO] CADModel:113 - Register for checkConnection events
2023-08-20 21:26:40,893 [FATAL] Updater:308 - Updater called before beeing initialized
2023-08-20 21:26:40,893 [ERROR] CADModel:124 - Updater not yet initialized, retry later 
2023-08-20 21:26:40,897 [FATAL] Updater:308 - Updater called before beeing initialized
2023-08-20 21:26:41,025 [FATAL] Updater:308 - Updater called before beeing initialized
2023-08-20 21:26:41,032 [INFO] DbMcusAds:52 - JSON generation date=Tue Mar 07 14:20:55 IST 2023 (1678179055114)
2023-08-20 21:26:41,032 [FATAL] Updater:308 - Updater called before beeing initialized
2023-08-20 21:26:41,073 [WARN] DetailPanel:344 - Failed to get advertising image, set to default
2023-08-20 21:26:41,191 [FATAL] Updater:308 - Updater called before beeing initialized
2023-08-20 21:26:41,194 [FATAL] Updater:308 - Updater called before beeing initialized
2023-08-20 21:26:41,194 [FATAL] Updater:308 - Updater called before beeing initialized
2023-08-20 21:26:41,194 [WARN] DetailPanel:344 - Failed to get advertising image, set to default
2023-08-20 21:26:41,195 [FATAL] Updater:308 - Updater called before beeing initialized
2023-08-20 21:26:41,247 [ERROR] Updater:1120 - MainUpdater not yet initialized. External WinMGr cannot be set.
2023-08-20 21:26:41,251 [INFO] Updater:1056 - Updater Version found : 6.7.0
2023-08-20 21:26:41,268 [INFO] ApplicationProperties:181 - Using Application install path: C:\ST\STM32CubeIDE_1.11.2\STM32CubeIDE\plugins\com.st.stm32cube.common.mx_6.7.0.202301130839
2023-08-20 21:26:41,826 [INFO] MainUpdater:2800 - connection check result : 10
2023-08-20 21:26:41,826 [INFO] MainUpdater:3494 - Updater definition file requires update
2023-08-20 21:26:41,828 [INFO] MainUpdater:282 - Updater Check For Update Now.
2023-08-20 21:26:41,829 [INFO] MicroXplorer:481 - Change Database Version : DB.6.0.70
2023-08-20 21:26:41,865 [INFO] ServerAccessManage:474 - Download File updaters.zip
2023-08-20 21:26:41,950 [INFO] FileExtend:239 - Unzip File : updaters.zip
2023-08-20 21:26:41,951 [INFO] FileExtend:254 - Standard Zip Deflate
2023-08-20 21:26:42,546 [WARN] MainUpdater:1186 - Updater busy. Cannot search thirdparties
2023-08-20 21:26:42,546 [INFO] ThirdPartyUpdaterWithRetryManager:96 - Updater plugin is busy. [1/15]
2023-08-20 21:26:42,890 [INFO] ServerAccessManage:474 - Download File PacksControlFlags.xml
2023-08-20 21:26:42,984 [INFO] ServerAccessManage:474 - Download File cubemx.pidx
2023-08-20 21:26:43,100 [INFO] LoadServerUpdatesThread:367 - End of LoadServerUpdate Thread
2023-08-20 21:26:43,292 [INFO] CheckServerUpdateThread:119 - End of CheckServer Thread
2023-08-20 21:26:43,300 [INFO] MainUpdater:2800 - connection check result : 10
2023-08-20 21:26:43,310 [INFO] McuFinderGlobals:65 - Set McuFinderConnectedMode to true
2023-08-20 21:26:43,788 [INFO] ServerAccessManage:474 - Download File mcusAds.json._tmp_
2023-08-20 21:26:43,901 [INFO] LoadUrlFilesThread:150 - End of LoadUrlFiles Thread
2023-08-20 21:26:44,058 [INFO] ServerAccessManage:474 - Download File cube-finder-db.zip
2023-08-20 21:26:45,288 [ERROR] ServerAccessManage:652 - User Cancel Download : cube-finder-db.zip.
2023-08-20 21:26:45,405 [INFO] LoadUrlFilesThread:150 - End of LoadUrlFiles Thread
2023-08-20 21:26:45,781 [WARN] PackLoader:242 - Cannot read IP mode file for STMicroelectronics.X-CUBE-SMBUS.2.1.0
2023-08-20 21:26:45,814 [WARN] PackLoader:242 - Cannot read IP mode file for STMicroelectronics.X-CUBE-AZRTOS-F7.1.1.0
2023-08-20 21:26:45,832 [WARN] PackLoader:242 - Cannot read IP mode file for STMicroelectronics.FP-SNS-MOTENV1.4.3.2
2023-08-20 21:26:45,841 [ERROR] RealEvaluatedCondition:430 - Found unsupported composite condition: CLASS='Data Exchange' GROUP='STM32_MetaDataManager'
2023-08-20 21:26:45,841 [ERROR] RealEvaluatedCondition:430 - Found unsupported composite condition: GROUP='STM32_MetaDataManager' CLASS='Data Exchange'
2023-08-20 21:26:45,844 [WARN] PackLoader:242 - Cannot read IP mode file for STMicroelectronics.FP-SNS-MOTENV1.4.3.1
2023-08-20 21:26:45,854 [WARN] PackLoader:242 - Cannot read IP mode file for STMicroelectronics.FP-SNS-FLIGHT1.5.0.1
2023-08-20 21:26:45,866 [WARN] PackLoader:242 - Cannot read IP mode file for STMicroelectronics.X-CUBE-BLE1.6.2.3
2023-08-20 21:26:45,874 [WARN] PackLoader:242 - Cannot read IP mode file for STMicroelectronics.X-CUBE-BLE1.6.2.4
2023-08-20 21:26:45,881 [WARN] PackLoader:242 - Cannot read IP mode file for STMicroelectronics.FP-SNS-FLIGHT1.5.0.2
2023-08-20 21:26:45,899 [WARN] PackLoader:242 - Cannot read IP mode file for STMicroelectronics.X-CUBE-TOF1.3.1.0
2023-08-20 21:26:45,925 [WARN] PackLoader:242 - Cannot read IP mode file for STMicroelectronics.X-CUBE-DISPLAY.3.0.0
2023-08-20 21:26:45,941 [WARN] PackLoader:242 - Cannot read IP mode file for STMicroelectronics.X-CUBE-BLE1.7.0.0
2023-08-20 21:26:45,949 [WARN] PackLoader:242 - Cannot read IP mode file for STMicroelectronics.X-CUBE-TOUCHGFX.4.22.0
2023-08-20 21:26:46,032 [WARN] PackLoader:242 - Cannot read IP mode file for STMicroelectronics.X-CUBE-MEMS1.9.3.0
2023-08-20 21:26:46,173 [WARN] PackLoader:242 - Cannot read IP mode file for STMicroelectronics.X-CUBE-AI.7.2.0
2023-08-20 21:26:46,185 [INFO] LogOutputStream:76 - [STDOUT_REDIRECT] 1 : Invalid condition id : UX_CORESTACK_Condition cause : null
2023-08-20 21:26:46,186 [INFO] LogOutputStream:76 - [STDOUT_REDIRECT] 1 : Invalid condition id : UX_CORESTACK_Condition cause : null
2023-08-20 21:26:46,187 [INFO] LogOutputStream:76 - [STDOUT_REDIRECT] 1 : Invalid condition id : UX_CORESTACK_Condition cause : null
2023-08-20 21:26:46,189 [INFO] LogOutputStream:76 - [STDOUT_REDIRECT] 1 : Invalid condition id : UX_CORESTACK_Condition cause : null
2023-08-20 21:26:46,190 [INFO] LogOutputStream:76 - [STDOUT_REDIRECT] 1 : Invalid condition id : UX_CORESTACK_Condition cause : null
2023-08-20 21:26:46,194 [WARN] PackLoader:242 - Cannot read IP mode file for STMicroelectronics.X-CUBE-AZRTOS-WL.2.0.0
2023-08-20 21:26:46,206 [WARN] PackLoader:242 - Cannot read IP mode file for WES.I-CUBE-Cesium.1.3.0
2023-08-20 21:26:46,213 [WARN] PackLoader:242 - Cannot read IP mode file for STMicroelectronics.X-CUBE-BLE2.3.3.0
2023-08-20 21:26:46,220 [WARN] PackLoader:242 - Cannot read IP mode file for STMicroelectronics.X-CUBE-DISPLAY.2.2.0
2023-08-20 21:26:46,232 [WARN] PackLoader:242 - Cannot read IP mode file for STMicroelectronics.X-CUBE-TOF1.3.2.0
2023-08-20 21:26:46,242 [WARN] PackLoader:242 - Cannot read IP mode file for STMicroelectronics.X-CUBE-ISPU.1.0.0
2023-08-20 21:26:46,262 [WARN] PackLoader:242 - Cannot read IP mode file for STMicroelectronics.X-CUBE-AZRTOS-H7.2.1.0
2023-08-20 21:26:46,270 [WARN] PackLoader:242 - Cannot read IP mode file for STMicroelectronics.X-CUBE-TOUCHGFX.4.21.1
2023-08-20 21:26:46,275 [WARN] PackLoader:242 - Cannot read IP mode file for STMicroelectronics.X-CUBE-TOUCHGFX.4.21.3
2023-08-20 21:26:46,279 [WARN] PackLoader:242 - Cannot read IP mode file for STMicroelectronics.X-CUBE-TOUCHGFX.4.21.4
2023-08-20 21:26:46,329 [WARN] PackLoader:242 - Cannot read IP mode file for STMicroelectronics.X-CUBE-MEMS1.9.4.0
2023-08-20 21:26:46,434 [WARN] PackLoader:242 - Cannot read IP mode file for STMicroelectronics.X-CUBE-AI.7.3.0
2023-08-20 21:26:46,442 [WARN] PackLoader:242 - Cannot read IP mode file for STMicroelectronics.X-CUBE-ALGOBUILD.1.3.0
2023-08-20 21:26:46,462 [WARN] PackLoader:242 - Cannot read IP mode file for STMicroelectronics.X-CUBE-AZRTOS-G0.1.1.0
2023-08-20 21:26:46,471 [WARN] PackLoader:242 - Cannot read IP mode file for STMicroelectronics.X-CUBE-NFC4.3.0.0
2023-08-20 21:26:46,518 [WARN] PackLoader:242 - Cannot read IP mode file for SEGGER.I-CUBE-embOS.1.2.0
2023-08-20 21:26:46,577 [WARN] PackLoader:242 - Cannot read IP mode file for STMicroelectronics.X-CUBE-BLEMGR.1.3.0
2023-08-20 21:26:46,591 [WARN] PackLoader:242 - Cannot read IP mode file for STMicroelectronics.FP-ATR-SIGFOX1.3.2.0
2023-08-20 21:26:46,601 [WARN] PackLoader:242 - Cannot read IP mode file for emotas.I-CUBE-CANOPEN.1.1.2
2023-08-20 21:26:46,605 [WARN] PackLoader:242 - Cannot read IP mode file for STMicroelectronics.X-CUBE-TOUCHGFX.4.20.0
2023-08-20 21:26:46,648 [WARN] PackLoader:242 - Cannot read IP mode file for STMicroelectronics.X-CUBE-MEMS1.9.5.0
2023-08-20 21:26:46,805 [WARN] PackLoader:242 - Cannot read IP mode file for SEGGER.I-CUBE-embOS.1.3.1
2023-08-20 21:26:46,856 [WARN] PackLoader:242 - Cannot read IP mode file for STMicroelectronics.X-CUBE-GNSS1.6.0.0
2023-08-20 21:26:46,880 [WARN] PackLoader:242 - Cannot read IP mode file for STMicroelectronics.X-CUBE-AZRTOS-F4.1.1.0
2023-08-20 21:26:46,909 [WARN] PackLoader:242 - Cannot read IP mode file for STMicroelectronics.X-CUBE-AZRTOS-L5.2.0.0
2023-08-20 21:26:46,952 [WARN] PackLoader:242 - Cannot read IP mode file for STMicroelectronics.X-CUBE-MEMS1.9.6.0
2023-08-20 21:26:47,086 [WARN] PackLoader:242 - Cannot read IP mode file for STMicroelectronics.X-CUBE-BLEMGR.2.0.0
2023-08-20 21:26:47,096 [WARN] PackLoader:242 - Cannot read IP mode file for STMicroelectronics.X-CUBE-NFC4.2.0.4
2023-08-20 21:26:47,126 [WARN] ConditionMgr:437 - getConditionDescription Invalid condition id : UX DEVICE CLASS RTOS Condition cause : null
2023-08-20 21:26:47,127 [WARN] ConditionMgr:437 - getConditionDescription Invalid condition id : UX DEVICE CLASS RTOS Condition cause : null
2023-08-20 21:26:47,132 [WARN] PackLoader:242 - Cannot read IP mode file for STMicroelectronics.X-CUBE-AZRTOS-H7.3.1.0
2023-08-20 21:26:47,134 [WARN] ConditionMgr:1038 - genDependencies : Invalid condition id : UX DEVICE CLASS RTOS Condition cause : null
2023-08-20 21:26:47,134 [WARN] ConditionMgr:1038 - genDependencies : Invalid condition id : UX DEVICE CLASS RTOS Condition cause : null
2023-08-20 21:26:47,136 [WARN] ConditionMgr:1038 - genDependencies : Invalid condition id : UX DEVICE CLASS RTOS Condition cause : null
2023-08-20 21:26:47,137 [WARN] ConditionMgr:1038 - genDependencies : Invalid condition id : UX DEVICE CLASS RTOS Condition cause : null
2023-08-20 21:26:47,137 [WARN] ConditionMgr:1038 - genDependencies : Invalid condition id : UX DEVICE CLASS RTOS Condition cause : null
2023-08-20 21:26:47,148 [WARN] PackLoader:242 - Cannot read IP mode file for STMicroelectronics.X-CUBE-NFC7.1.0.1
2023-08-20 21:26:47,158 [WARN] PackLoader:242 - Cannot read IP mode file for STMicroelectronics.X-CUBE-NFC7.1.0.0
2023-08-20 21:26:47,180 [INFO] DbMcusAds:52 - JSON generation date=Tue Mar 07 14:20:55 IST 2023 (1678179055114)
2023-08-20 21:26:47,225 [ERROR] TargetSelectorAdapter:266 - Unable to refresh data
2023-08-20 21:26:47,453 [WARN] PackLoader:242 - Cannot read IP mode file for STMicroelectronics.X-CUBE-EEPRMA1.4.1.0
2023-08-20 21:26:47,461 [WARN] PackLoader:242 - Cannot read IP mode file for STMicroelectronics.X-CUBE-AI.8.1.0
2023-08-20 21:26:47,492 [WARN] ConditionMgr:437 - getConditionDescription Invalid condition id : LAN8742 Phy interface Condition cause : null
2023-08-20 21:26:47,494 [WARN] PackLoader:242 - Cannot read IP mode file for STMicroelectronics.X-CUBE-AZRTOS-L4.2.0.0
2023-08-20 21:26:47,496 [WARN] ConditionMgr:1038 - genDependencies : Invalid condition id : LAN8742 Phy interface Condition cause : null
2023-08-20 21:26:47,497 [WARN] ConditionMgr:1038 - genDependencies : Invalid condition id : LAN8742 Phy interface Condition cause : null
2023-08-20 21:26:47,498 [WARN] ConditionMgr:1038 - genDependencies : Invalid condition id : LAN8742 Phy interface Condition cause : null
2023-08-20 21:26:47,514 [WARN] PackLoader:242 - Cannot read IP mode file for STMicroelectronics.X-CUBE-SFXS2LP1.4.0.0
2023-08-20 21:26:47,543 [WARN] PackLoader:242 - Cannot read IP mode file for STMicroelectronics.X-CUBE-AZRTOS-H7.3.0.0
2023-08-20 21:26:47,553 [WARN] PackLoader:242 - Cannot read IP mode file for STMicroelectronics.X-CUBE-ISPU.1.1.0
2023-08-20 21:26:47,566 [WARN] PackLoader:242 - Cannot read IP mode file for RoweBots.I-CUBE-UNISONRTOS.5.5.0-4
2023-08-20 21:26:47,576 [WARN] PackLoader:242 - Cannot read IP mode file for wolfSSL.I-CUBE-wolfSSL.5.4.0
2023-08-20 21:26:47,581 [WARN] PackLoader:242 - Cannot read IP mode file for STMicroelectronics.X-CUBE-AI.8.0.0
2023-08-20 21:26:47,598 [WARN] ConditionMgr:437 - getConditionDescription Invalid condition id : UX DEVICE CLASS RTOS Condition cause : null
2023-08-20 21:26:47,599 [WARN] ConditionMgr:437 - getConditionDescription Invalid condition id : UX DEVICE CLASS RTOS Condition cause : null
2023-08-20 21:26:47,602 [WARN] PackLoader:242 - Cannot read IP mode file for STMicroelectronics.X-CUBE-AZRTOS-WB.2.0.0
2023-08-20 21:26:47,603 [WARN] ConditionMgr:1038 - genDependencies : Invalid condition id : UX DEVICE CLASS RTOS Condition cause : null
2023-08-20 21:26:47,603 [WARN] ConditionMgr:1038 - genDependencies : Invalid condition id : UX DEVICE CLASS RTOS Condition cause : null
2023-08-20 21:26:47,604 [WARN] ConditionMgr:1038 - genDependencies : Invalid condition id : UX DEVICE CLASS RTOS Condition cause : null
2023-08-20 21:26:47,605 [WARN] ConditionMgr:1038 - genDependencies : Invalid condition id : UX DEVICE CLASS RTOS Condition cause : null
2023-08-20 21:26:47,605 [WARN] ConditionMgr:1038 - genDependencies : Invalid condition id : UX DEVICE CLASS RTOS Condition cause : null
2023-08-20 21:26:47,614 [WARN] PackLoader:242 - Cannot read IP mode file for STMicroelectronics.X-CUBE-FREERTOS.1.0.0
2023-08-20 21:26:47,621 [WARN] PackLoader:242 - Cannot read IP mode file for STMicroelectronics.X-CUBE-FREERTOS.1.0.1
2023-08-20 21:26:47,632 [WARN] PackLoader:242 - Cannot read IP mode file for STMicroelectronics.X-CUBE-BLEMGR.1.0.0
2023-08-20 21:26:47,655 [WARN] PackLoader:242 - Cannot read IP mode file for STMicroelectronics.X-CUBE-AZRTOS-L5.1.1.0
2023-08-20 21:26:47,663 [WARN] PackLoader:242 - Cannot read IP mode file for STMicroelectronics.X-CUBE-AI.8.0.1
2023-08-20 21:26:47,680 [WARN] PackLoader:242 - Cannot read IP mode file for STMicroelectronics.X-CUBE-SUBG2.5.0.0
2023-08-20 21:26:47,703 [WARN] PackLoader:242 - Cannot read IP mode file for STMicroelectronics.X-CUBE-TOF1.3.3.1
2023-08-20 21:26:47,734 [WARN] PackLoader:242 - Cannot read IP mode file for STMicroelectronics.X-CUBE-AZRTOS-G4.2.0.0
2023-08-20 21:26:47,750 [INFO] ApiDb:580 - Connected to CubeFinder SQLite database (C:\Users\pranj\.stmcufinder\plugins\mcufinder\mcu\cube-finder-db.db)
2023-08-20 21:26:47,750 [WARN] PackLoader:242 - Cannot read IP mode file for STMicroelectronics.X-CUBE-TOF1.3.3.0
2023-08-20 21:26:47,776 [WARN] PackLoader:242 - Cannot read IP mode file for STMicroelectronics.FP-ATR-ASTRA1.1.1.1
2023-08-20 21:26:47,783 [WARN] PackLoader:242 - Cannot read IP mode file for STMicroelectronics.FP-ATR-ASTRA1.1.1.0
2023-08-20 21:26:47,802 [WARN] PackLoader:242 - Cannot read IP mode file for STMicroelectronics.X-CUBE-AZRTOS-G4.1.0.0
2023-08-20 21:26:47,827 [WARN] PackLoader:242 - Cannot read IP mode file for STMicroelectronics.X-CUBE-AZRTOS-L4.1.0.0
2023-08-20 21:26:47,846 [WARN] PackLoader:242 - Cannot read IP mode file for STMicroelectronics.X-CUBE-AZRTOS-WL.1.0.0
2023-08-20 21:26:47,860 [WARN] PackLoader:242 - Cannot read IP mode file for STMicroelectronics.X-CUBE-ALS.1.0.0
2023-08-20 21:26:47,914 [INFO] ApiDb:667 - CubeFinder database Data Model version=2.1
2023-08-20 21:26:47,914 [INFO] ApiDb:668 - CubeFinder database Configuration version=3.0.37
2023-08-20 21:26:47,915 [INFO] ApiDb:669 - CubeFinder database generation date=2023-07-31 (1690792719)
2023-08-20 21:26:47,916 [INFO] ApiDb:670 - CubeFinder database FW Pack versions=[FP-ATR-ASTRA1_V2.0.0, FP-SNS-FLIGHT1_V5.0.1, FP-SNS-FLIGHT1_V5.0.2, FP-SNS-MOTENV1_V4.3.1, FP-SNS-MOTENV1_V4.3.2, STM32Cube_FW_C0_V1.1.0, STM32Cube_FW_F4_V1.27.1, STM32Cube_FW_F7_V1.17.0, STM32Cube_FW_G0_V1.6.1, STM32Cube_FW_G4_V1.5.1, STM32Cube_FW_H5_V0.5.1, STM32Cube_FW_H5_V1.1.0, STM32Cube_FW_H7_V1.11.0, STM32Cube_FW_L0_V1.12.2, STM32Cube_FW_L5_V1.5.0, STM32Cube_FW_U5_V1.3.0, STM32Cube_FW_U5_V1.3.0RC4, STM32Cube_FW_WBA_V1.0.0RC1, STM32Cube_FW_WBA_V1.1.0, STM32Cube_FW_WBA_V1.1.0RC1, STM32Cube_FW_WB_V1.15.0RC1, STM32Cube_FW_WB_V1.16.0, STM32Cube_FW_WB_V1.16.0RC2, STM32Cube_FW_WB_V1.17.0, STM32Cube_FW_WL_V1.3.0, X-CUBE-ALGOBUILD_V1.3.0, X-CUBE-ALS_V1.0.1, X-CUBE-AZRTOS-F4_V1.1.0, X-CUBE-AZRTOS-F7_V1.1.0, X-CUBE-AZRTOS-G0_V1.1.0, X-CUBE-AZRTOS-G4_V2.0.0, X-CUBE-AZRTOS-H7_V3.1.0, X-CUBE-AZRTOS-L4_V1.0.0, X-CUBE-AZRTOS-L4_V2.0.0, X-CUBE-AZRTOS-L5_V1.1.0, X-CUBE-AZRTOS-WB_V1.1.0, X-CUBE-AZRTOS-WL_V2.0.0, X-CUBE-BLE1_V6.2.4, X-CUBE-BLE2_V3.3.0, X-CUBE-BLEMGR_V2.0.0, X-CUBE-EEPRMA1_V4.1.0, X-CUBE-FREERTOS_V1.0.1, X-CUBE-GNSS1_V6.0.0, X-CUBE-MEMS1_V9.1.0, X-CUBE-MEMS1_V9.4.0, X-CUBE-MEMS1_V9.6.0, X-CUBE-NFC4_V3.0.0, X-CUBE-NFC7_V1.0.0, X-CUBE-SFXS2LP1_V4.0.0, X-CUBE-SUBG2_V5.0.0]
2023-08-20 21:26:47,944 [WARN] PackLoader:242 - Cannot read IP mode file for portGmbH.I-Cube-SoM-uGOAL.1.1.0
2023-08-20 21:26:47,953 [WARN] PackLoader:242 - Cannot read IP mode file for STMicroelectronics.X-CUBE-ALS.1.0.1
2023-08-20 21:26:48,031 [WARN] PackLoader:242 - Cannot read IP mode file for STMicroelectronics.X-CUBE-AZRTOS-WB.1.1.0
2023-08-20 21:26:48,052 [WARN] PackLoader:242 - Cannot read IP mode file for STMicroelectronics.X-CUBE-AZRTOS-L5.1.0.0
2023-08-20 21:26:48,061 [WARN] PackLoader:242 - Cannot read IP mode file for STMicroelectronics.X-CUBE-EEPRMA1.3.1.1
2023-08-20 21:26:48,067 [WARN] PackLoader:242 - Cannot read IP mode file for STMicroelectronics.FP-ATR-ASTRA1.2.0.0
2023-08-20 21:26:48,069 [INFO] ThirdParty:947 - Integrity check success = true
2023-08-20 21:26:48,069 [INFO] IntegrityCheckThread:98 - exiting critical section [integrity check]
2023-08-20 21:26:48,069 [INFO] IntegrityCheckThread:101 - End integrity checks thread
2023-08-20 21:26:48,322 [ERROR] LogOutputStream:74 - [STDERR_REDIRECT] SLF4J: Failed to load class "org.slf4j.impl.StaticLoggerBinder".
2023-08-20 21:26:48,323 [ERROR] LogOutputStream:74 - [STDERR_REDIRECT] SLF4J: Defaulting to no-operation (NOP) logger implementation
2023-08-20 21:26:48,324 [ERROR] LogOutputStream:74 - [STDERR_REDIRECT] SLF4J: See http://www.slf4j.org/codes.html#StaticLoggerBinder for further details.
2023-08-20 21:26:50,791 [INFO] ApiDb:239 - Found 143 in-development CPN: [B-WB1M-WPAN1, B-WL5M-SUBG1, NUCLEO-C031C6, STEVAL-PROTEUS1, STEVAL-STWINBX1, STM320518-EVAL, STM32C0116-DK, STM32C011D6Y3TR, STM32C011D6Y6TR, STM32C011F4P3, STM32C011F4P6, STM32C011F4U3, STM32C011F4U6TR, STM32C011F6P3, STM32C011F6P6, STM32C011F6U3, STM32C011F6U6TR, STM32C011J4M3, STM32C011J4M6, STM32C011J6M3, STM32C011J6M6, STM32C0316-DK, STM32C031C4T3, STM32C031C4T6, STM32C031C4U3, STM32C031C4U6, STM32C031C6T3, STM32C031C6T6, STM32C031C6U3, STM32C031C6U6, STM32C031F4P3, STM32C031F4P6, STM32C031F6P3, STM32C031F6P6, STM32C031G4U3, STM32C031G4U6, STM32C031G6U3, STM32C031G6U6, STM32C031K4T3, STM32C031K4T6, STM32C031K4U3, STM32C031K4U6, STM32C031K6T3, STM32C031K6T6, STM32C031K6U3, STM32C031K6U6, STM32G071K8TXN, STM32G071K8UXN, STM32G081GBU6N, STM32G081KBT6N, STM32G081KBUXN, STM32G0B1CCT6N, STM32G0B1KCT6, STM32G0B1NEY6TR, STM32G0B1RCT6N, STM32G0C1CCT6, STM32G0C1CCT6N, STM32G0C1CCU6N, STM32G0C1CET6N, STM32G0C1CEU6N, STM32G0C1KCT6, STM32G0C1NEY6TR, STM32G0C1RCI6N, STM32G0C1RCT6N, STM32G0C1REI6N, STM32G0C1RET6N, STM32G0C1VCI6, STM32G0C1VEI6, STM32G471CCT6, STM32G471CCU6, STM32G471CET3, STM32G471CET6, STM32G471CEU3, STM32G471CEU6, STM32G471MCT6, STM32G471MET3, STM32G471MET6, STM32G471MEY6TR, STM32G471QCT6, STM32G471QET3, STM32G471RCT6, STM32G471RET3, STM32G471RET6, STM32G471VCH6, STM32G471VCI6, STM32G471VCT6, STM32G471VEH3, STM32G471VEH6, STM32G471VEI3, STM32G471VEI6, STM32G471VET3, STM32G471VET6, STM32G474CCT6, STM32L476VGY6PTR, STM32L4R5QGI6STR, STM32MP131AAE3, STM32MP131AAF3, STM32MP131AAG3, STM32MP131CAE3, STM32MP131CAF3, STM32MP131CAG3, STM32MP131DAE7, STM32MP131DAF7, STM32MP131DAG7, STM32MP131FAE7, STM32MP131FAF7, STM32MP131FAG7, STM32MP133AAE3, STM32MP133AAF3, STM32MP133AAG3, STM32MP133CAE3, STM32MP133CAF3, STM32MP133CAG3, STM32MP133DAE7, STM32MP133DAF7, STM32MP133DAG7, STM32MP133FAE7, STM32MP133FAF7, STM32MP133FAG7, STM32MP135AAE3, STM32MP135AAF3, STM32MP135AAG3, STM32MP135CAE3, STM32MP135CAF3, STM32MP135CAG3, STM32MP135DAE7, STM32MP135DAF7, STM32MP135DAG7, STM32MP135F-DK, STM32MP135FAE7, STM32MP135FAF7, STM32MP135FAF7T, STM32MP135FAF7U, STM32MP135FAG7, STM32U595ZJT6Q, STM32U599BJY6QTR, STM32U599NIH6Q, STM32U599NJH6Q, STM32U5A5ZJT6Q, STM32U5A9BJY6QTR, STM32U5A9NJH6Q, STM32WB1MMCH6, STM32WL5MOCH6TR]
2023-08-20 21:26:50,798 [INFO] DbMcus:215 - Found 3806 MCUs, 3806 are supported
2023-08-20 21:26:50,813 [INFO] ApiDb:422 - Load user favorites file C:\Users\pranj/.stm32cubeide/favorites.mcus.txt: 0 item(s)
2023-08-20 21:26:50,813 [INFO] ApiDb:426 - User favorites MCUs=[]
2023-08-20 21:26:50,813 [INFO] DbMcus:221 - Set 0 / 0 favorites MCUs
2023-08-20 21:26:51,077 [INFO] McuFinderGlobals:65 - Set McuFinderConnectedMode to true
2023-08-20 21:26:51,092 [INFO] MultiScanPanel:196 - Auto-refresh data requested => check proxy status ongoing
2023-08-20 21:26:51,097 [INFO] FinderPluginLoader:92 - Searching for filters in installed packs
2023-08-20 21:26:52,585 [INFO] LoadUrlFilesThread:179 - End of LoadServerUrlFiles without Thread
2023-08-20 21:26:52,603 [INFO] DetailPanel:339 - Set advertising image to C:/Users/pranj/STM32Cube/Repository/\en.prom-stm32h5-mcu-finder.jpg
2023-08-20 21:26:53,178 [INFO] ApiDb:667 - CubeFinder database Data Model version=2.1
2023-08-20 21:26:53,179 [INFO] ApiDb:668 - CubeFinder database Configuration version=3.0.37
2023-08-20 21:26:53,179 [INFO] ApiDb:669 - CubeFinder database generation date=2023-07-31 (1690792719)
2023-08-20 21:26:53,179 [INFO] ApiDb:670 - CubeFinder database FW Pack versions=[FP-ATR-ASTRA1_V2.0.0, FP-SNS-FLIGHT1_V5.0.1, FP-SNS-FLIGHT1_V5.0.2, FP-SNS-MOTENV1_V4.3.1, FP-SNS-MOTENV1_V4.3.2, STM32Cube_FW_C0_V1.1.0, STM32Cube_FW_F4_V1.27.1, STM32Cube_FW_F7_V1.17.0, STM32Cube_FW_G0_V1.6.1, STM32Cube_FW_G4_V1.5.1, STM32Cube_FW_H5_V0.5.1, STM32Cube_FW_H5_V1.1.0, STM32Cube_FW_H7_V1.11.0, STM32Cube_FW_L0_V1.12.2, STM32Cube_FW_L5_V1.5.0, STM32Cube_FW_U5_V1.3.0, STM32Cube_FW_U5_V1.3.0RC4, STM32Cube_FW_WBA_V1.0.0RC1, STM32Cube_FW_WBA_V1.1.0, STM32Cube_FW_WBA_V1.1.0RC1, STM32Cube_FW_WB_V1.15.0RC1, STM32Cube_FW_WB_V1.16.0, STM32Cube_FW_WB_V1.16.0RC2, STM32Cube_FW_WB_V1.17.0, STM32Cube_FW_WL_V1.3.0, X-CUBE-ALGOBUILD_V1.3.0, X-CUBE-ALS_V1.0.1, X-CUBE-AZRTOS-F4_V1.1.0, X-CUBE-AZRTOS-F7_V1.1.0, X-CUBE-AZRTOS-G0_V1.1.0, X-CUBE-AZRTOS-G4_V2.0.0, X-CUBE-AZRTOS-H7_V3.1.0, X-CUBE-AZRTOS-L4_V1.0.0, X-CUBE-AZRTOS-L4_V2.0.0, X-CUBE-AZRTOS-L5_V1.1.0, X-CUBE-AZRTOS-WB_V1.1.0, X-CUBE-AZRTOS-WL_V2.0.0, X-CUBE-BLE1_V6.2.4, X-CUBE-BLE2_V3.3.0, X-CUBE-BLEMGR_V2.0.0, X-CUBE-EEPRMA1_V4.1.0, X-CUBE-FREERTOS_V1.0.1, X-CUBE-GNSS1_V6.0.0, X-CUBE-MEMS1_V9.1.0, X-CUBE-MEMS1_V9.4.0, X-CUBE-MEMS1_V9.6.0, X-CUBE-NFC4_V3.0.0, X-CUBE-NFC7_V1.0.0, X-CUBE-SFXS2LP1_V4.0.0, X-CUBE-SUBG2_V5.0.0]
2023-08-20 21:26:53,278 [INFO] DbBoardsSqlite:225 - include board P-NUCLEO-WB55-NUCLEO as a kit item of type 'Nucleo-64'
2023-08-20 21:26:53,278 [INFO] DbBoardsSqlite:225 - include board P-NUCLEO-WB55-USBDONGLE as a kit item of type 'Nucleo USB Dongle'
2023-08-20 21:26:53,278 [INFO] DbBoardsSqlite:225 - include board STEVAL-IDP005V1 as a kit item of type 'Evaluation Board'
2023-08-20 21:26:53,279 [INFO] DbBoardsSqlite:225 - include board STEVAL-IDP005V2 as a kit item of type 'Evaluation Board'
2023-08-20 21:26:53,334 [INFO] ApiDb:239 - Found 143 in-development CPN: [B-WB1M-WPAN1, B-WL5M-SUBG1, NUCLEO-C031C6, STEVAL-PROTEUS1, STEVAL-STWINBX1, STM320518-EVAL, STM32C0116-DK, STM32C011D6Y3TR, STM32C011D6Y6TR, STM32C011F4P3, STM32C011F4P6, STM32C011F4U3, STM32C011F4U6TR, STM32C011F6P3, STM32C011F6P6, STM32C011F6U3, STM32C011F6U6TR, STM32C011J4M3, STM32C011J4M6, STM32C011J6M3, STM32C011J6M6, STM32C0316-DK, STM32C031C4T3, STM32C031C4T6, STM32C031C4U3, STM32C031C4U6, STM32C031C6T3, STM32C031C6T6, STM32C031C6U3, STM32C031C6U6, STM32C031F4P3, STM32C031F4P6, STM32C031F6P3, STM32C031F6P6, STM32C031G4U3, STM32C031G4U6, STM32C031G6U3, STM32C031G6U6, STM32C031K4T3, STM32C031K4T6, STM32C031K4U3, STM32C031K4U6, STM32C031K6T3, STM32C031K6T6, STM32C031K6U3, STM32C031K6U6, STM32G071K8TXN, STM32G071K8UXN, STM32G081GBU6N, STM32G081KBT6N, STM32G081KBUXN, STM32G0B1CCT6N, STM32G0B1KCT6, STM32G0B1NEY6TR, STM32G0B1RCT6N, STM32G0C1CCT6, STM32G0C1CCT6N, STM32G0C1CCU6N, STM32G0C1CET6N, STM32G0C1CEU6N, STM32G0C1KCT6, STM32G0C1NEY6TR, STM32G0C1RCI6N, STM32G0C1RCT6N, STM32G0C1REI6N, STM32G0C1RET6N, STM32G0C1VCI6, STM32G0C1VEI6, STM32G471CCT6, STM32G471CCU6, STM32G471CET3, STM32G471CET6, STM32G471CEU3, STM32G471CEU6, STM32G471MCT6, STM32G471MET3, STM32G471MET6, STM32G471MEY6TR, STM32G471QCT6, STM32G471QET3, STM32G471RCT6, STM32G471RET3, STM32G471RET6, STM32G471VCH6, STM32G471VCI6, STM32G471VCT6, STM32G471VEH3, STM32G471VEH6, STM32G471VEI3, STM32G471VEI6, STM32G471VET3, STM32G471VET6, STM32G474CCT6, STM32L476VGY6PTR, STM32L4R5QGI6STR, STM32MP131AAE3, STM32MP131AAF3, STM32MP131AAG3, STM32MP131CAE3, STM32MP131CAF3, STM32MP131CAG3, STM32MP131DAE7, STM32MP131DAF7, STM32MP131DAG7, STM32MP131FAE7, STM32MP131FAF7, STM32MP131FAG7, STM32MP133AAE3, STM32MP133AAF3, STM32MP133AAG3, STM32MP133CAE3, STM32MP133CAF3, STM32MP133CAG3, STM32MP133DAE7, STM32MP133DAF7, STM32MP133DAG7, STM32MP133FAE7, STM32MP133FAF7, STM32MP133FAG7, STM32MP135AAE3, STM32MP135AAF3, STM32MP135AAG3, STM32MP135CAE3, STM32MP135CAF3, STM32MP135CAG3, STM32MP135DAE7, STM32MP135DAF7, STM32MP135DAG7, STM32MP135F-DK, STM32MP135FAE7, STM32MP135FAF7, STM32MP135FAF7T, STM32MP135FAF7U, STM32MP135FAG7, STM32U595ZJT6Q, STM32U599BJY6QTR, STM32U599NIH6Q, STM32U599NJH6Q, STM32U5A5ZJT6Q, STM32U5A9BJY6QTR, STM32U5A9NJH6Q, STM32WB1MMCH6, STM32WL5MOCH6TR]
2023-08-20 21:26:53,410 [INFO] BoardInfo:879 - No configuration file found for board NUCLEO-H503RB
2023-08-20 21:26:53,410 [INFO] DbBoards:156 - Board is not supported: NUCLEO-H503RB
2023-08-20 21:26:53,412 [INFO] BoardInfo:879 - No configuration file found for board NUCLEO-H563ZI
2023-08-20 21:26:53,412 [INFO] DbBoards:156 - Board is not supported: NUCLEO-H563ZI
2023-08-20 21:26:53,458 [INFO] BoardInfo:879 - No configuration file found for board NUCLEO-U545RE-Q
2023-08-20 21:26:53,458 [INFO] DbBoards:156 - Board is not supported: NUCLEO-U545RE-Q
2023-08-20 21:26:53,461 [INFO] BoardInfo:879 - No configuration file found for board NUCLEO-U5A5ZJ-Q
2023-08-20 21:26:53,462 [INFO] DbBoards:156 - Board is not supported: NUCLEO-U5A5ZJ-Q
2023-08-20 21:26:53,470 [INFO] BoardInfo:879 - No configuration file found for board NUCLEO-WBA52CG
2023-08-20 21:26:53,470 [INFO] DbBoards:156 - Board is not supported: NUCLEO-WBA52CG
2023-08-20 21:26:53,478 [INFO] BoardInfo:879 - No configuration file found for board P-NUCLEO-WB55
2023-08-20 21:26:53,478 [INFO] DbBoards:156 - Kit is not supported: P-NUCLEO-WB55
2023-08-20 21:26:53,484 [INFO] BoardInfo:879 - No configuration file found for board STEVAL-BFA001V1B
2023-08-20 21:26:53,484 [INFO] DbBoards:156 - Kit is not supported: STEVAL-BFA001V1B
2023-08-20 21:26:53,486 [INFO] BoardInfo:879 - No configuration file found for board STEVAL-BFA001V2B
2023-08-20 21:26:53,486 [INFO] DbBoards:156 - Kit is not supported: STEVAL-BFA001V2B
2023-08-20 21:26:53,506 [INFO] BoardInfo:879 - No configuration file found for board STEVAL-SMARTAG2
2023-08-20 21:26:53,506 [INFO] DbBoards:156 - Board is not supported: STEVAL-SMARTAG2
2023-08-20 21:26:53,586 [INFO] BoardInfo:879 - No configuration file found for board STM32H573I-DK
2023-08-20 21:26:53,587 [INFO] DbBoards:156 - Board is not supported: STM32H573I-DK
2023-08-20 21:26:53,641 [INFO] BoardInfo:879 - No configuration file found for board STM32U5A9J-DK
2023-08-20 21:26:53,641 [INFO] DbBoards:156 - Board is not supported: STM32U5A9J-DK
2023-08-20 21:26:53,649 [INFO] DbBoards:160 - Found 187 boards, 176 are supported
2023-08-20 21:26:53,655 [INFO] ApiDb:422 - Load user favorites file C:\Users\pranj/.stm32cubeide/favorites.boards.txt: 0 item(s)
2023-08-20 21:26:53,656 [INFO] ApiDb:426 - User favorites Boards=[]
2023-08-20 21:26:53,656 [INFO] DbBoards:189 - Set 0 / 0 favorites Boards
2023-08-20 21:26:56,886 [INFO] McuFinderGlobals:65 - Set McuFinderConnectedMode to true
2023-08-20 21:26:56,890 [INFO] ApiDb:447 - Save user favorites file C:\Users\pranj/.stm32cubeide/favorites.mcus.txt: 0 item(s)
2023-08-20 21:26:56,890 [INFO] ApiDb:451 - User favorites MCUs=[]
2023-08-20 21:27:24,342 [ERROR] LogOutputStream:74 - [STDERR_REDIRECT] Managed Build system manifest file error: Option com.st.stm32cube.ide.mcu.debug.option.cpuclock.1618295077 uses a null category that is invalid in its context. The option was ignored.
2023-08-20 21:27:24,501 [ERROR] LogOutputStream:74 - [STDERR_REDIRECT] Managed Build system manifest file error: Option com.st.stm32cube.ide.mcu.debug.option.cpuclock.983238347 uses a null category that is invalid in its context. The option was ignored.
2023-08-20 21:27:25,746 [ERROR] LogOutputStream:74 - [STDERR_REDIRECT] Managed Build system manifest file error: Option com.st.stm32cube.ide.mcu.debug.option.cpuclock.1618295077 uses a null category that is invalid in its context. The option was ignored.
2023-08-20 21:27:25,764 [ERROR] LogOutputStream:74 - [STDERR_REDIRECT] Managed Build system manifest file error: Option com.st.stm32cube.ide.mcu.debug.option.cpuclock.983238347 uses a null category that is invalid in its context. The option was ignored.
2023-08-20 21:27:44,259 [ERROR] LogOutputStream:74 - [STDERR_REDIRECT] Managed Build system manifest file error: Option com.st.stm32cube.ide.mcu.debug.option.cpuclock.1618295077 uses a null category that is invalid in its context. The option was ignored.
2023-08-20 21:27:44,298 [ERROR] LogOutputStream:74 - [STDERR_REDIRECT] Managed Build system manifest file error: Option com.st.stm32cube.ide.mcu.debug.option.cpuclock.983238347 uses a null category that is invalid in its context. The option was ignored.
2023-08-20 23:02:07,433 [ERROR] LogOutputStream:74 - [STDERR_REDIRECT] Managed Build system manifest file error: Option com.st.stm32cube.ide.mcu.debug.option.cpuclock.1618295077 uses a null category that is invalid in its context. The option was ignored.
2023-08-20 23:02:07,573 [ERROR] LogOutputStream:74 - [STDERR_REDIRECT] Managed Build system manifest file error: Option com.st.stm32cube.ide.mcu.debug.option.cpuclock.983238347 uses a null category that is invalid in its context. The option was ignored.
